<?xml version="1.0" encoding="UTF-8"?>
<!-- Generated by org.testng.reporters.JUnitXMLReporter -->
<testsuite ignored="0" hostname="DESKTOP-QJBA57G" failures="1" tests="2" name="ErrorValidation" time="6.716" errors="0" timestamp="2026-03-23T17:38:33 IST">
  <testcase classname="Framework.SeleniumFrameworkDesign.ErrorValidation" name="LoginErrorValidation" time="0.331">
    <failure type="java.lang.AssertionError" message="expected [] but found [Incorrect email or password.]">
      <![CDATA[java.lang.AssertionError: expected [] but found [Incorrect email or password.]
at Framework.SeleniumFrameworkDesign.ErrorValidation.LoginErrorValidation(ErrorValidation.java:20)
at java.base/java.util.ArrayList.forEach(ArrayList.java:1511)
... Removed 33 stack frames]]>
    </failure>
  </testcase> <!-- LoginErrorValidation -->
  <testcase classname="Framework.SeleniumFrameworkDesign.ErrorValidation" name="ProductErrorValidation" time="2.077"/>
</testsuite> <!-- ErrorValidation -->
