<?xml version="1.0" encoding="UTF-8"?>
<!-- Generated by org.testng.reporters.JUnitXMLReporter -->
<testsuite ignored="0" hostname="DESKTOP-QJBA57G" failures="1" tests="4" name="pageObjTest" time="44.617" errors="0" timestamp="2026-03-23T17:38:26 IST">
  <testcase classname="Framework.SeleniumFrameworkDesign.pageObjTest" name="SubmitOrder" time="7.946"/>
  <testcase classname="Framework.SeleniumFrameworkDesign.pageObjTest" name="SubmitOrder" time="7.2"/>
  <testcase classname="Framework.SeleniumFrameworkDesign.pageObjTest" name="VerifyOrderPage" time="10.729">
    <skipped/>
  </testcase> <!-- VerifyOrderPage -->
  <testcase classname="Framework.SeleniumFrameworkDesign.pageObjTest" name="VerifyOrderPage" time="10.671">
    <failure type="java.lang.AssertionError" message="expected [true] but found [false]">
      <![CDATA[java.lang.AssertionError: expected [true] but found [false]
at Framework.SeleniumFrameworkDesign.pageObjTest.VerifyOrderPage(pageObjTest.java:56)
at java.base/java.util.ArrayList.forEach(ArrayList.java:1511)
... Removed 31 stack frames]]>
    </failure>
  </testcase> <!-- VerifyOrderPage -->
</testsuite> <!-- pageObjTest -->
